<?xml version="1.0" encoding="UTF-8"?>
<testsuite xmlns:xsi="http://www.w3.org/2001/XMLSchema-instance" xsi:noNamespaceSchemaLocation="https://maven.apache.org/surefire/maven-surefire-plugin/xsd/surefire-test-report-3.0.xsd" version="3.0" name="com.tienda.TiendaApplicationTests" time="11.401" tests="1" errors="0" skipped="0" failures="0">
  <properties>
[...]
</properties>
  <testcase name="contextLoads" classname="com.tienda.TiendaApplicationTests" time="2.335">
    <system-out><![CDATA[11:12:16.421 [main] INFO org.springframework.test.context.support.AnnotationConfigContextLoaderUtils -- Could not detect default configuration classes for test class [com.tienda.TiendaApplicationTests]: TiendaApplicationTests does not declare any static, non-private, non-final, nested classes annotated with @Configuration.
11:12:16.814 [main] INFO org.springframework.boot.test.context.SpringBootTestContextBootstrapper -- Found @SpringBootConfiguration com.tienda.TiendaApplication for test class com.tienda.TiendaApplicationTests
11:12  INFO 11728 --- [           main] com.tienda.TiendaApplicationTests        : Starting TiendaApplicationTests using Java 20.0.2 with PID 11728 (started by danii in C:\Dev\Tienda_V3\tienda_v3)
11:12  INFO 11728 --- [           main] com.tienda.TiendaApplicationTests        : No active profile set, falling back to 1 default profile: "default"
11:12  INFO 11728 --- [           main] o.s.b.a.w.s.WelcomePageHandlerMapping    : Adding welcome page template: index
11:12  INFO 11728 --- [           main] com.tienda.TiendaApplicationTests        : Started TiendaApplicationTests in 7.71 seconds (process running for 10.364)
]]></system-out>
  </testcase>
</testsuite>